Bonsly СППО из команды красных вступает в бой!
Spiritomb ИТМО из команды синих вступает в бой!
Spiritomb ИТМО использует DarkPulse. 
Bonsly СППО теряет 8 здоровья.

Bonsly СППО использует Confide. 
Spiritomb ИТМО не замечает воздействие типа NORMAL

Spiritomb ИТМО использует FoulPlay. 
Bonsly СППО теряет 7 здоровья.
Bonsly СППО теряет сознание.
Sudowoodo КТ из команды красных вступает в бой!
Spiritomb ИТМО использует FoulPlay. 
Sudowoodo КТ теряет 7 здоровья.

Sudowoodo КТ использует FeintAttack. 
Spiritomb ИТМО теряет 6 здоровья.

Spiritomb ИТМО использует FoulPlay. 
Sudowoodo КТ теряет 7 здоровья.
Sudowoodo КТ теряет сознание.
Slakoth ИС из команды красных вступает в бой!
Spiritomb ИТМО использует DarkPulse. 
Slakoth ИС теряет 7 здоровья.

Slakoth ИС использует Scratch. 
Spiritomb ИТМО теряет 1 здоровья.
Spiritomb ИТМО не замечает воздействие типа NORMAL

Spiritomb ИТМО использует Swagger. 
Slakoth ИС был сбит с толку

Slakoth ИС использует Thunderbolt. 
Spiritomb ИТМО теряет 5 здоровья.

Spiritomb ИТМО использует Swagger. 
Slakoth ИС был сбит с толку

Slakoth ИС использует Thunderbolt. 
Spiritomb ИТМО теряет 5 здоровья.
Spiritomb ИТМО теряет сознание.
Slaking ВТ из команды синих вступает в бой!
Slaking ВТ использует Thunderbolt. 
Slakoth ИС теряет 6 здоровья.
Slakoth ИС теряет сознание.
Vigoroth ПИиКТ из команды красных вступает в бой!
Slaking ВТ промахивается

Vigoroth ПИиКТ использует Thunderbolt. 
Slaking ВТ теряет 4 здоровья.

Slaking ВТ использует IceBeam. 
Vigoroth ПИиКТ теряет 7 здоровья.

Vigoroth ПИиКТ использует Scratch. 
Slaking ВТ теряет 5 здоровья.

Slaking ВТ использует IceBeam. 
Vigoroth ПИиКТ теряет 5 здоровья.

Vigoroth ПИиКТ использует Scratch. 
Slaking ВТ теряет 7 здоровья.
Slaking ВТ теряет сознание.
В команде синих не осталось покемонов.
Команда красных побеждает в этом бою!